<?xml version="1.0" encoding="UTF-8"?>
<!-- Generated by org.testng.reporters.JUnitReportReporter -->
<testsuite skipped="0" hostname="DESKTOP-CJCQIP3" name="runnerclass.smoke" tests="15" failures="0" timestamp="2021-04-17T00:30:49 IST" time="310.304" errors="0">
  <testcase name="runScenario" time="15.890" classname="runnerclass.smoke"/>
  <system-out/>
  <testcase name="runScenario" time="25.786" classname="runnerclass.smoke"/>
  <system-out/>
  <testcase name="runScenario" time="12.893" classname="runnerclass.smoke"/>
  <system-out/>
  <testcase name="runScenario" time="10.774" classname="runnerclass.smoke"/>
  <system-out/>
  <testcase name="runScenario" time="8.728" classname="runnerclass.smoke"/>
  <system-out/>
  <testcase name="runScenario" time="52.315" classname="runnerclass.smoke"/>
  <system-out/>
  <testcase name="runScenario" time="20.800" classname="runnerclass.smoke"/>
  <system-out/>
  <testcase name="runScenario" time="21.538" classname="runnerclass.smoke"/>
  <system-out/>
  <testcase name="runScenario" time="18.209" classname="runnerclass.smoke"/>
  <system-out/>
  <testcase name="runScenario" time="27.092" classname="runnerclass.smoke"/>
  <system-out/>
  <testcase name="runScenario" time="16.194" classname="runnerclass.smoke"/>
  <system-out/>
  <testcase name="runScenario" time="22.741" classname="runnerclass.smoke"/>
  <system-out/>
  <testcase name="runScenario" time="26.356" classname="runnerclass.smoke"/>
  <system-out/>
  <testcase name="runScenario" time="16.773" classname="runnerclass.smoke"/>
  <system-out/>
  <testcase name="runScenario" time="14.215" classname="runnerclass.smoke"/>
  <system-out/>
</testsuite> <!-- runnerclass.smoke -->
